{"numFailedTestSuites":0,"numFailedTests":0,"numPassedTestSuites":22,"numPassedTests":198,"numPendingTestSuites":0,"numPendingTests":0,"numRuntimeErrorTestSuites":0,"numTodoTests":0,"numTotalTestSuites":22,"numTotalTests":198,"openHandles":[],"snapshot":{"added":0,"didUpdate":false,"failure":false,"filesAdded":0,"filesRemoved":0,"filesRemovedList":[],"filesUnmatched":0,"filesUpdated":0,"matched":0,"total":0,"unchecked":0,"uncheckedKeysByFile":[],"unmatched":0,"updated":0},"startTime":1778842793104,"success":true,"testResults":[{"assertionResults":[{"ancestorTitles":[],"duration":3811,"failing":false,"failureDetails":[],"failureMessages":[],"fullName":"docker image serves a page (index.html)","invocations":1,"location":null,"numPassingAsserts":1,"retryReasons":[],"startAt":1778842793275,"status":"passed","title":"docker image serves a page (index.html)"}],"endTime":1778842797087,"message":"","name":"/Users/dluxen/Coding/osrm-frontend/test/docker-image.test.js","startTime":1778842793167,"status":"passed","summary":""},{"assertionResults":[{"ancestorTitles":["docker entrypoint runtime config"],"duration":624,"failing":false,"failureDetails":[],"failureMessages":[],"fullName":"docker entrypoint runtime config uses Docker localhost defaults when no routing env vars are provided","invocations":1,"location":null,"numPassingAsserts":3,"retryReasons":[],"startAt":1778842797116,"status":"passed","title":"uses Docker localhost defaults when no routing env vars are provided"},{"ancestorTitles":["docker entrypoint runtime config"],"duration":525,"failing":false,"failureDetails":[],"failureMessages":[],"fullName":"docker entrypoint runtime config keeps legacy single-backend config when only OSRM_BACKEND is set","invocations":1,"location":null,"numPassingAsserts":2,"retryReasons":[],"startAt":1778842797741,"status":"passed","title":"keeps legacy single-backend config when only OSRM_BACKEND is set"},{"ancestorTitles":["docker entrypoint runtime config"],"duration":549,"failing":false,"failureDetails":[],"failureMessages":[],"fullName":"docker entrypoint runtime config stores JSON modes config when only OSRM_MODES is set","invocations":1,"location":null,"numPassingAsserts":2,"retryReasons":[],"startAt":1778842798266,"status":"passed","title":"stores JSON modes config when only OSRM_MODES is set"},{"ancestorTitles":["docker entrypoint runtime config"],"duration":525,"failing":false,"failureDetails":[],"failureMessages":[],"fullName":"docker entrypoint runtime config stores both values when OSRM_MODES and deprecated OSRM_BACKEND are set","invocations":1,"location":null,"numPassingAsserts":2,"retryReasons":[],"startAt":1778842798816,"status":"passed","title":"stores both values when OSRM_MODES and deprecated OSRM_BACKEND are set"}],"endTime":1778842799342,"message":"","name":"/Users/dluxen/Coding/osrm-frontend/test/entrypoint.test.js","startTime":1778842797094,"status":"passed","summary":""},{"assertionResults":[{"ancestorTitles":[],"duration":52,"failing":false,"failureDetails":[],"failureMessages":[],"fullName":"locationfound zooms to z14 when no route exists","invocations":1,"location":null,"numPassingAsserts":2,"retryReasons":[],"startAt":1778842799680,"status":"passed","title":"locationfound zooms to z14 when no route exists"},{"ancestorTitles":[],"duration":5,"failing":false,"failureDetails":[],"failureMessages":[],"fullName":"locationfound does not change zoom when route exists","invocations":1,"location":null,"numPassingAsserts":1,"retryReasons":[],"startAt":1778842799732,"status":"passed","title":"locationfound does not change zoom when route exists"},{"ancestorTitles":[],"duration":5,"failing":false,"failureDetails":[],"failureMessages":[],"fullName":"locationfound fires on repeated activations (turn off/on)","invocations":1,"location":null,"numPassingAsserts":2,"retryReasons":[],"startAt":1778842799737,"status":"passed","title":"locationfound fires on repeated activations (turn off/on)"}],"endTime":1778842799742,"message":"","name":"/Users/dluxen/Coding/osrm-frontend/test/locationfound.test.js","startTime":1778842799640,"status":"passed","summary":""},{"assertionResults":[{"ancestorTitles":["leaflet_options — tileset migration","base layer URLs"],"duration":1,"failing":false,"failureDetails":[],"failureMessages":[],"fullName":"leaflet_options — tileset migration base layer URLs streets layer uses CartoDB Voyager (not Mapbox)","invocations":1,"location":null,"numPassingAsserts":2,"retryReasons":[],"startAt":1778842799781,"status":"passed","title":"streets layer uses CartoDB Voyager (not Mapbox)"},{"ancestorTitles":["leaflet_options — tileset migration","base layer URLs"],"duration":0,"failing":false,"failureDetails":[],"failureMessages":[],"fullName":"leaflet_options — tileset migration base layer URLs outdoors layer uses OpenTopoMap (not Mapbox)","invocations":1,"location":null,"numPassingAsserts":1,"retryReasons":[],"startAt":1778842799782,"status":"passed","title":"outdoors layer uses OpenTopoMap (not Mapbox)"},{"ancestorTitles":["leaflet_options — tileset migration","base layer URLs"],"duration":0,"failing":false,"failureDetails":[],"failureMessages":[],"fullName":"leaflet_options — tileset migration base layer URLs satellite layer uses ESRI World Imagery (not Mapbox)","invocations":1,"location":null,"numPassingAsserts":2,"retryReasons":[],"startAt":1778842799783,"status":"passed","title":"satellite layer uses ESRI World Imagery (not Mapbox)"},{"ancestorTitles":["leaflet_options — tileset migration","base layer URLs"],"duration":0,"failing":false,"failureDetails":[],"failureMessages":[],"fullName":"leaflet_options — tileset migration base layer URLs OSM layer uses openstreetmap.org","invocations":1,"location":null,"numPassingAsserts":1,"retryReasons":[],"startAt":1778842799783,"status":"passed","title":"OSM layer uses openstreetmap.org"},{"ancestorTitles":["leaflet_options — tileset migration","base layer URLs"],"duration":0,"failing":false,"failureDetails":[],"failureMessages":[],"fullName":"leaflet_options — tileset migration base layer URLs OSM.de layer uses openstreetmap.de","invocations":1,"location":null,"numPassingAsserts":1,"retryReasons":[],"startAt":1778842799784,"status":"passed","title":"OSM.de layer uses openstreetmap.de"},{"ancestorTitles":["leaflet_options — tileset migration","no Mapbox dependencies"],"duration":1,"failing":false,"failureDetails":[],"failureMessages":[],"fullName":"leaflet_options — tileset migration no Mapbox dependencies no layer URL points to api.mapbox.com","invocations":1,"location":null,"numPassingAsserts":5,"retryReasons":[],"startAt":1778842799784,"status":"passed","title":"no layer URL points to api.mapbox.com"},{"ancestorTitles":["leaflet_options — tileset migration","no Mapbox dependencies"],"duration":0,"failing":false,"failureDetails":[],"failureMessages":[],"fullName":"leaflet_options — tileset migration no Mapbox dependencies no layer URL contains a Mapbox access token","invocations":1,"location":null,"numPassingAsserts":5,"retryReasons":[],"startAt":1778842799785,"status":"passed","title":"no layer URL contains a Mapbox access token"},{"ancestorTitles":["leaflet_options — tileset migration","no Mapbox dependencies"],"duration":1,"failing":false,"failureDetails":[],"failureMessages":[],"fullName":"leaflet_options — tileset migration no Mapbox dependencies module does not export a mapbox token string","invocations":1,"location":null,"numPassingAsserts":3,"retryReasons":[],"startAt":1778842799785,"status":"passed","title":"module does not export a mapbox token string"},{"ancestorTitles":["leaflet_options — tileset migration","layer display names"],"duration":1,"failing":false,"failureDetails":[],"failureMessages":[],"fullName":"leaflet_options — tileset migration layer display names no display name references Mapbox","invocations":1,"location":null,"numPassingAsserts":5,"retryReasons":[],"startAt":1778842799786,"status":"passed","title":"no display name references Mapbox"},{"ancestorTitles":["leaflet_options — tileset migration","layer display names"],"duration":0,"failing":false,"failureDetails":[],"failureMessages":[],"fullName":"leaflet_options — tileset migration layer display names streets layer is named Streets","invocations":1,"location":null,"numPassingAsserts":1,"retryReasons":[],"startAt":1778842799787,"status":"passed","title":"streets layer is named Streets"},{"ancestorTitles":["leaflet_options — tileset migration","layer display names"],"duration":0,"failing":false,"failureDetails":[],"failureMessages":[],"fullName":"leaflet_options — tileset migration layer display names outdoors layer is named Outdoors","invocations":1,"location":null,"numPassingAsserts":1,"retryReasons":[],"startAt":1778842799787,"status":"passed","title":"outdoors layer is named Outdoors"},{"ancestorTitles":["leaflet_options — tileset migration","layer display names"],"duration":0,"failing":false,"failureDetails":[],"failureMessages":[],"fullName":"leaflet_options — tileset migration layer display names satellite layer is named Satellite","invocations":1,"location":null,"numPassingAsserts":1,"retryReasons":[],"startAt":1778842799788,"status":"passed","title":"satellite layer is named Satellite"},{"ancestorTitles":["leaflet_options — tileset migration","default state"],"duration":0,"failing":false,"failureDetails":[],"failureMessages":[],"fullName":"leaflet_options — tileset migration default state default layer is the streets (CartoDB) tile layer","invocations":1,"location":null,"numPassingAsserts":1,"retryReasons":[],"startAt":1778842799788,"status":"passed","title":"default layer is the streets (CartoDB) tile layer"},{"ancestorTitles":["leaflet_options — tileset migration","default state"],"duration":0,"failing":false,"failureDetails":[],"failureMessages":[],"fullName":"leaflet_options — tileset migration default state default zoom is 13","invocations":1,"location":null,"numPassingAsserts":1,"retryReasons":[],"startAt":1778842799788,"status":"passed","title":"default zoom is 13"},{"ancestorTitles":["leaflet_options — tileset migration","default state"],"duration":0,"failing":false,"failureDetails":[],"failureMessages":[],"fullName":"leaflet_options — tileset migration default state default language is en","invocations":1,"location":null,"numPassingAsserts":1,"retryReasons":[],"startAt":1778842799789,"status":"passed","title":"default language is en"},{"ancestorTitles":["leaflet_options — tileset migration","default state"],"duration":0,"failing":false,"failureDetails":[],"failureMessages":[],"fullName":"leaflet_options — tileset migration default state default center is Washington DC","invocations":1,"location":null,"numPassingAsserts":2,"retryReasons":[],"startAt":1778842799789,"status":"passed","title":"default center is Washington DC"},{"ancestorTitles":["leaflet_options — tileset migration","overlay layers are unchanged"],"duration":1,"failing":false,"failureDetails":[],"failureMessages":[],"fullName":"leaflet_options — tileset migration overlay layers are unchanged Hiking overlay still present","invocations":1,"location":null,"numPassingAsserts":2,"retryReasons":[],"startAt":1778842799789,"status":"passed","title":"Hiking overlay still present"},{"ancestorTitles":["leaflet_options — tileset migration","overlay layers are unchanged"],"duration":0,"failing":false,"failureDetails":[],"failureMessages":[],"fullName":"leaflet_options — tileset migration overlay layers are unchanged Bike overlay still present","invocations":1,"location":null,"numPassingAsserts":2,"retryReasons":[],"startAt":1778842799790,"status":"passed","title":"Bike overlay still present"},{"ancestorTitles":["leaflet_options — tileset migration","overlay layers are unchanged"],"duration":0,"failing":false,"failureDetails":[],"failureMessages":[],"fullName":"leaflet_options — tileset migration overlay layers are unchanged Small Components overlay still present","invocations":1,"location":null,"numPassingAsserts":2,"retryReasons":[],"startAt":1778842799790,"status":"passed","title":"Small Components overlay still present"},{"ancestorTitles":["leaflet_options — runtime configuration overrides","OSRM_BACKEND override"],"duration":3,"failing":false,"failureDetails":[],"failureMessages":[],"fullName":"leaflet_options — runtime configuration overrides OSRM_BACKEND override uses custom backend when OSRM_BACKEND is set and warns about deprecation","invocations":1,"location":null,"numPassingAsserts":3,"retryReasons":[],"startAt":1778842799791,"status":"passed","title":"uses custom backend when OSRM_BACKEND is set and warns about deprecation"},{"ancestorTitles":["leaflet_options — runtime configuration overrides","OSRM_BACKEND override"],"duration":2,"failing":false,"failureDetails":[],"failureMessages":[],"fullName":"leaflet_options — runtime configuration overrides OSRM_BACKEND override uses public router.project-osrm.org in dev mode (no OSRM_ENVIRONMENT)","invocations":1,"location":null,"numPassingAsserts":1,"retryReasons":[],"startAt":1778842799794,"status":"passed","title":"uses public router.project-osrm.org in dev mode (no OSRM_ENVIRONMENT)"},{"ancestorTitles":["leaflet_options — runtime configuration overrides","OSRM_BACKEND override"],"duration":2,"failing":false,"failureDetails":[],"failureMessages":[],"fullName":"leaflet_options — runtime configuration overrides OSRM_BACKEND override uses localhost:5000 in Docker mode (OSRM_ENVIRONMENT=docker)","invocations":1,"location":null,"numPassingAsserts":1,"retryReasons":[],"startAt":1778842799796,"status":"passed","title":"uses localhost:5000 in Docker mode (OSRM_ENVIRONMENT=docker)"},{"ancestorTitles":["leaflet_options — runtime configuration overrides","OSRM_CENTER override with validation"],"duration":2,"failing":false,"failureDetails":[],"failureMessages":[],"fullName":"leaflet_options — runtime configuration overrides OSRM_CENTER override with validation uses custom center when valid lat,lng is provided","invocations":1,"location":null,"numPassingAsserts":2,"retryReasons":[],"startAt":1778842799798,"status":"passed","title":"uses custom center when valid lat,lng is provided"},{"ancestorTitles":["leaflet_options — runtime configuration overrides","OSRM_CENTER override with validation"],"duration":2,"failing":false,"failureDetails":[],"failureMessages":[],"fullName":"leaflet_options — runtime configuration overrides OSRM_CENTER override with validation falls back to default center for invalid coordinates","invocations":1,"location":null,"numPassingAsserts":2,"retryReasons":[],"startAt":1778842799800,"status":"passed","title":"falls back to default center for invalid coordinates"},{"ancestorTitles":["leaflet_options — runtime configuration overrides","OSRM_CENTER override with validation"],"duration":1,"failing":false,"failureDetails":[],"failureMessages":[],"fullName":"leaflet_options — runtime configuration overrides OSRM_CENTER override with validation falls back to default center when only one coordinate provided","invocations":1,"location":null,"numPassingAsserts":2,"retryReasons":[],"startAt":1778842799802,"status":"passed","title":"falls back to default center when only one coordinate provided"},{"ancestorTitles":["leaflet_options — runtime configuration overrides","OSRM_ZOOM override with validation"],"duration":1,"failing":false,"failureDetails":[],"failureMessages":[],"fullName":"leaflet_options — runtime configuration overrides OSRM_ZOOM override with validation uses custom zoom when numeric value is provided","invocations":1,"location":null,"numPassingAsserts":1,"retryReasons":[],"startAt":1778842799804,"status":"passed","title":"uses custom zoom when numeric value is provided"},{"ancestorTitles":["leaflet_options — runtime configuration overrides","OSRM_ZOOM override with validation"],"duration":2,"failing":false,"failureDetails":[],"failureMessages":[],"fullName":"leaflet_options — runtime configuration overrides OSRM_ZOOM override with validation uses custom zoom when numeric string is provided","invocations":1,"location":null,"numPassingAsserts":1,"retryReasons":[],"startAt":1778842799805,"status":"passed","title":"uses custom zoom when numeric string is provided"},{"ancestorTitles":["leaflet_options — runtime configuration overrides","OSRM_ZOOM override with validation"],"duration":2,"failing":false,"failureDetails":[],"failureMessages":[],"fullName":"leaflet_options — runtime configuration overrides OSRM_ZOOM override with validation falls back to default zoom for non-numeric value","invocations":1,"location":null,"numPassingAsserts":1,"retryReasons":[],"startAt":1778842799807,"status":"passed","title":"falls back to default zoom for non-numeric value"},{"ancestorTitles":["leaflet_options — runtime configuration overrides","language precedence (URL > browser > en)"],"duration":2,"failing":false,"failureDetails":[],"failureMessages":[],"fullName":"leaflet_options — runtime configuration overrides language precedence (URL > browser > en) honors OSRM_LANGUAGE runtime override","invocations":1,"location":null,"numPassingAsserts":1,"retryReasons":[],"startAt":1778842799809,"status":"passed","title":"honors OSRM_LANGUAGE runtime override"},{"ancestorTitles":["leaflet_options — runtime configuration overrides","language precedence (URL > browser > en)"],"duration":1,"failing":false,"failureDetails":[],"failureMessages":[],"fullName":"leaflet_options — runtime configuration overrides language precedence (URL > browser > en) uses browser language exact match","invocations":1,"location":null,"numPassingAsserts":1,"retryReasons":[],"startAt":1778842799811,"status":"passed","title":"uses browser language exact match"},{"ancestorTitles":["leaflet_options — runtime configuration overrides","language precedence (URL > browser > en)"],"duration":1,"failing":false,"failureDetails":[],"failureMessages":[],"fullName":"leaflet_options — runtime configuration overrides language precedence (URL > browser > en) falls back to navigator.language when navigator.languages absent","invocations":1,"location":null,"numPassingAsserts":1,"retryReasons":[],"startAt":1778842799813,"status":"passed","title":"falls back to navigator.language when navigator.languages absent"},{"ancestorTitles":["leaflet_options — runtime configuration overrides","language precedence (URL > browser > en)"],"duration":2,"failing":false,"failureDetails":[],"failureMessages":[],"fullName":"leaflet_options — runtime configuration overrides language precedence (URL > browser > en) uses primary subtag when regional locale provided (en-US -> en)","invocations":1,"location":null,"numPassingAsserts":1,"retryReasons":[],"startAt":1778842799814,"status":"passed","title":"uses primary subtag when regional locale provided (en-US -> en)"},{"ancestorTitles":["leaflet_options — runtime configuration overrides","language precedence (URL > browser > en)"],"duration":2,"failing":false,"failureDetails":[],"failureMessages":[],"fullName":"leaflet_options — runtime configuration overrides language precedence (URL > browser > en) prefers first candidate in navigator.languages array","invocations":1,"location":null,"numPassingAsserts":1,"retryReasons":[],"startAt":1778842799816,"status":"passed","title":"prefers first candidate in navigator.languages array"},{"ancestorTitles":["leaflet_options — runtime configuration overrides","language precedence (URL > browser > en)"],"duration":2,"failing":false,"failureDetails":[],"failureMessages":[],"fullName":"leaflet_options — runtime configuration overrides language precedence (URL > browser > en) matches exact regional variant when available (pt-BR)","invocations":1,"location":null,"numPassingAsserts":1,"retryReasons":[],"startAt":1778842799818,"status":"passed","title":"matches exact regional variant when available (pt-BR)"},{"ancestorTitles":["leaflet_options — runtime configuration overrides","language precedence (URL > browser > en)"],"duration":2,"failing":false,"failureDetails":[],"failureMessages":[],"fullName":"leaflet_options — runtime configuration overrides language precedence (URL > browser > en) case-insensitive regional tag (pt-br)","invocations":1,"location":null,"numPassingAsserts":1,"retryReasons":[],"startAt":1778842799820,"status":"passed","title":"case-insensitive regional tag (pt-br)"},{"ancestorTitles":["leaflet_options — runtime configuration overrides","language precedence (URL > browser > en)"],"duration":1,"failing":false,"failureDetails":[],"failureMessages":[],"fullName":"leaflet_options — runtime configuration overrides language precedence (URL > browser > en) falls back to English when no supported browser languages","invocations":1,"location":null,"numPassingAsserts":1,"retryReasons":[],"startAt":1778842799822,"status":"passed","title":"falls back to English when no supported browser languages"},{"ancestorTitles":["leaflet_options — runtime configuration overrides","language precedence (URL > browser > en)"],"duration":19,"failing":false,"failureDetails":[],"failureMessages":[],"fullName":"leaflet_options — runtime configuration overrides language precedence (URL > browser > en) URL param (hl) takes precedence over browser default when merged","invocations":1,"location":null,"numPassingAsserts":1,"retryReasons":[],"startAt":1778842799824,"status":"passed","title":"URL param (hl) takes precedence over browser default when merged"},{"ancestorTitles":["leaflet_options — runtime configuration overrides","OSRM_LABEL and OSRM_DEFAULT_LAYER overrides"],"duration":2,"failing":false,"failureDetails":[],"failureMessages":[],"fullName":"leaflet_options — runtime configuration overrides OSRM_LABEL and OSRM_DEFAULT_LAYER overrides uses custom default layer when provided","invocations":1,"location":null,"numPassingAsserts":1,"retryReasons":[],"startAt":1778842799843,"status":"passed","title":"uses custom default layer when provided"},{"ancestorTitles":["leaflet_options — runtime configuration overrides","OSRM_LABEL and OSRM_DEFAULT_LAYER overrides"],"duration":2,"failing":false,"failureDetails":[],"failureMessages":[],"fullName":"leaflet_options — runtime configuration overrides OSRM_LABEL and OSRM_DEFAULT_LAYER overrides falls back to streets layer for unknown layer name","invocations":1,"location":null,"numPassingAsserts":1,"retryReasons":[],"startAt":1778842799845,"status":"passed","title":"falls back to streets layer for unknown layer name"},{"ancestorTitles":["leaflet_options — runtime configuration overrides","OSRM_MODES - free-form mode configuration"],"duration":2,"failing":false,"failureDetails":[],"failureMessages":[],"fullName":"leaflet_options — runtime configuration overrides OSRM_MODES - free-form mode configuration uses single \"default\" mode in Docker by default","invocations":1,"location":null,"numPassingAsserts":3,"retryReasons":[],"startAt":1778842799847,"status":"passed","title":"uses single \"default\" mode in Docker by default"},{"ancestorTitles":["leaflet_options — runtime configuration overrides","OSRM_MODES - free-form mode configuration"],"duration":5,"failing":false,"failureDetails":[],"failureMessages":[],"fullName":"leaflet_options — runtime configuration overrides OSRM_MODES - free-form mode configuration uses custom modes from OSRM_MODES JSON","invocations":1,"location":null,"numPassingAsserts":6,"retryReasons":[],"startAt":1778842799849,"status":"passed","title":"uses custom modes from OSRM_MODES JSON"},{"ancestorTitles":["leaflet_options — runtime configuration overrides","OSRM_MODES - free-form mode configuration"],"duration":1,"failing":false,"failureDetails":[],"failureMessages":[],"fullName":"leaflet_options — runtime configuration overrides OSRM_MODES - free-form mode configuration each mode has an internal profile for routing","invocations":1,"location":null,"numPassingAsserts":2,"retryReasons":[],"startAt":1778842799854,"status":"passed","title":"each mode has an internal profile for routing"},{"ancestorTitles":["leaflet_options — runtime configuration overrides","OSRM_MODES - free-form mode configuration"],"duration":2,"failing":false,"failureDetails":[],"failureMessages":[],"fullName":"leaflet_options — runtime configuration overrides OSRM_MODES - free-form mode configuration defaults to three public profiles in dev mode","invocations":1,"location":null,"numPassingAsserts":7,"retryReasons":[],"startAt":1778842799855,"status":"passed","title":"defaults to three public profiles in dev mode"},{"ancestorTitles":["leaflet_options — runtime configuration overrides","OSRM_MODES - free-form mode configuration"],"duration":2,"failing":false,"failureDetails":[],"failureMessages":[],"fullName":"leaflet_options — runtime configuration overrides OSRM_MODES - free-form mode configuration gracefully handles invalid JSON in OSRM_MODES","invocations":1,"location":null,"numPassingAsserts":3,"retryReasons":[],"startAt":1778842799857,"status":"passed","title":"gracefully handles invalid JSON in OSRM_MODES"},{"ancestorTitles":["leaflet_options — runtime configuration overrides","OSRM_MODES - free-form mode configuration"],"duration":2,"failing":false,"failureDetails":[],"failureMessages":[],"fullName":"leaflet_options — runtime configuration overrides OSRM_MODES - free-form mode configuration respects OSRM_BACKEND in Docker default mode and warns about deprecation","invocations":1,"location":null,"numPassingAsserts":4,"retryReasons":[],"startAt":1778842799859,"status":"passed","title":"respects OSRM_BACKEND in Docker default mode and warns about deprecation"},{"ancestorTitles":["leaflet_options — runtime configuration overrides","OSRM_MODES - free-form mode configuration"],"duration":2,"failing":false,"failureDetails":[],"failureMessages":[],"fullName":"leaflet_options — runtime configuration overrides OSRM_MODES - free-form mode configuration accepts single-string URL in a JSON array as a single mode","invocations":1,"location":null,"numPassingAsserts":3,"retryReasons":[],"startAt":1778842799861,"status":"passed","title":"accepts single-string URL in a JSON array as a single mode"},{"ancestorTitles":["leaflet_options — runtime configuration overrides","OSRM_MODES - free-form mode configuration"],"duration":2,"failing":false,"failureDetails":[],"failureMessages":[],"fullName":"leaflet_options — runtime configuration overrides OSRM_MODES - free-form mode configuration accepts array of string URLs as multiple modes","invocations":1,"location":null,"numPassingAsserts":5,"retryReasons":[],"startAt":1778842799863,"status":"passed","title":"accepts array of string URLs as multiple modes"},{"ancestorTitles":["leaflet_options — runtime configuration overrides","OSRM_MODES - free-form mode configuration"],"duration":2,"failing":false,"failureDetails":[],"failureMessages":[],"fullName":"leaflet_options — runtime configuration overrides OSRM_MODES - free-form mode configuration OSRM_MODES takes priority over OSRM_BACKEND","invocations":1,"location":null,"numPassingAsserts":4,"retryReasons":[],"startAt":1778842799865,"status":"passed","title":"OSRM_MODES takes priority over OSRM_BACKEND"},{"ancestorTitles":["leaflet_options — runtime configuration overrides","OSRM_MODES - free-form mode configuration"],"duration":1,"failing":false,"failureDetails":[],"failureMessages":[],"fullName":"leaflet_options — runtime configuration overrides OSRM_MODES - free-form mode configuration legacy OSRM_BACKEND alone shows deprecation warning","invocations":1,"location":null,"numPassingAsserts":4,"retryReasons":[],"startAt":1778842799867,"status":"passed","title":"legacy OSRM_BACKEND alone shows deprecation warning"}],"endTime":1778842799869,"message":"","name":"/Users/dluxen/Coding/osrm-frontend/test/leaflet_options.test.js","startTime":1778842799748,"status":"passed","summary":""},{"assertionResults":[{"ancestorTitles":["router_patches"],"duration":0,"failing":false,"failureDetails":[],"failureMessages":[],"fullName":"router_patches leftOrRight preserves non-directional modifiers","invocations":1,"location":null,"numPassingAsserts":3,"retryReasons":[],"startAt":1778842799889,"status":"passed","title":"leftOrRight preserves non-directional modifiers"},{"ancestorTitles":["router_patches"],"duration":53,"failing":false,"failureDetails":[],"failureMessages":[],"fullName":"router_patches wrapWaypoints aborts previous XHR and ignores older responses","invocations":1,"location":null,"numPassingAsserts":4,"retryReasons":[],"startAt":1778842799890,"status":"passed","title":"wrapWaypoints aborts previous XHR and ignores older responses"}],"endTime":1778842799944,"message":"","name":"/Users/dluxen/Coding/osrm-frontend/test/router_patches.test.js","startTime":1778842799873,"status":"passed","summary":""},{"assertionResults":[{"ancestorTitles":["buildGPX","GPX envelope"],"duration":4,"failing":false,"failureDetails":[],"failureMessages":[],"fullName":"buildGPX GPX envelope declares the GPX 1.1 namespace","invocations":1,"location":null,"numPassingAsserts":1,"retryReasons":[],"startAt":1778842799971,"status":"passed","title":"declares the GPX 1.1 namespace"},{"ancestorTitles":["buildGPX","GPX envelope"],"duration":1,"failing":false,"failureDetails":[],"failureMessages":[],"fullName":"buildGPX GPX envelope declares the XSI namespace","invocations":1,"location":null,"numPassingAsserts":1,"retryReasons":[],"startAt":1778842799975,"status":"passed","title":"declares the XSI namespace"},{"ancestorTitles":["buildGPX","GPX envelope"],"duration":1,"failing":false,"failureDetails":[],"failureMessages":[],"fullName":"buildGPX GPX envelope includes the schema location","invocations":1,"location":null,"numPassingAsserts":1,"retryReasons":[],"startAt":1778842799976,"status":"passed","title":"includes the schema location"},{"ancestorTitles":["buildGPX","GPX envelope"],"duration":1,"failing":false,"failureDetails":[],"failureMessages":[],"fullName":"buildGPX GPX envelope sets creator to osrm","invocations":1,"location":null,"numPassingAsserts":1,"retryReasons":[],"startAt":1778842799977,"status":"passed","title":"sets creator to osrm"},{"ancestorTitles":["buildGPX","GPX envelope"],"duration":1,"failing":false,"failureDetails":[],"failureMessages":[],"fullName":"buildGPX GPX envelope sets version to 1.1","invocations":1,"location":null,"numPassingAsserts":1,"retryReasons":[],"startAt":1778842799978,"status":"passed","title":"sets version to 1.1"},{"ancestorTitles":["buildGPX","metadata"],"duration":1,"failing":false,"failureDetails":[],"failureMessages":[],"fullName":"buildGPX metadata includes the route name","invocations":1,"location":null,"numPassingAsserts":1,"retryReasons":[],"startAt":1778842799979,"status":"passed","title":"includes the route name"},{"ancestorTitles":["buildGPX","metadata"],"duration":1,"failing":false,"failureDetails":[],"failureMessages":[],"fullName":"buildGPX metadata includes the copyright author attribute","invocations":1,"location":null,"numPassingAsserts":1,"retryReasons":[],"startAt":1778842799980,"status":"passed","title":"includes the copyright author attribute"},{"ancestorTitles":["buildGPX","metadata"],"duration":1,"failing":false,"failureDetails":[],"failureMessages":[],"fullName":"buildGPX metadata includes the license URL","invocations":1,"location":null,"numPassingAsserts":1,"retryReasons":[],"startAt":1778842799981,"status":"passed","title":"includes the license URL"},{"ancestorTitles":["buildGPX","metadata"],"duration":1,"failing":false,"failureDetails":[],"failureMessages":[],"fullName":"buildGPX metadata includes the link href attribute","invocations":1,"location":null,"numPassingAsserts":1,"retryReasons":[],"startAt":1778842799982,"status":"passed","title":"includes the link href attribute"},{"ancestorTitles":["buildGPX","metadata"],"duration":1,"failing":false,"failureDetails":[],"failureMessages":[],"fullName":"buildGPX metadata includes the link text","invocations":1,"location":null,"numPassingAsserts":1,"retryReasons":[],"startAt":1778842799983,"status":"passed","title":"includes the link text"},{"ancestorTitles":["buildGPX","metadata"],"duration":0,"failing":false,"failureDetails":[],"failureMessages":[],"fullName":"buildGPX metadata includes the timestamp","invocations":1,"location":null,"numPassingAsserts":1,"retryReasons":[],"startAt":1778842799984,"status":"passed","title":"includes the timestamp"},{"ancestorTitles":["buildGPX","track points"],"duration":0,"failing":false,"failureDetails":[],"failureMessages":[],"fullName":"buildGPX track points wraps points in trk > trkseg","invocations":1,"location":null,"numPassingAsserts":2,"retryReasons":[],"startAt":1778842799985,"status":"passed","title":"wraps points in trk > trkseg"},{"ancestorTitles":["buildGPX","track points"],"duration":1,"failing":false,"failureDetails":[],"failureMessages":[],"fullName":"buildGPX track points outputs correct number of trkpt elements","invocations":1,"location":null,"numPassingAsserts":1,"retryReasons":[],"startAt":1778842799985,"status":"passed","title":"outputs correct number of trkpt elements"},{"ancestorTitles":["buildGPX","track points"],"duration":1,"failing":false,"failureDetails":[],"failureMessages":[],"fullName":"buildGPX track points first point has correct lat and lon","invocations":1,"location":null,"numPassingAsserts":2,"retryReasons":[],"startAt":1778842799986,"status":"passed","title":"first point has correct lat and lon"},{"ancestorTitles":["buildGPX","track points"],"duration":1,"failing":false,"failureDetails":[],"failureMessages":[],"fullName":"buildGPX track points uses lat for latitude (not lng)","invocations":1,"location":null,"numPassingAsserts":1,"retryReasons":[],"startAt":1778842799987,"status":"passed","title":"uses lat for latitude (not lng)"},{"ancestorTitles":["buildGPX","track points"],"duration":1,"failing":false,"failureDetails":[],"failureMessages":[],"fullName":"buildGPX track points includes all coordinates","invocations":1,"location":null,"numPassingAsserts":2,"retryReasons":[],"startAt":1778842799988,"status":"passed","title":"includes all coordinates"},{"ancestorTitles":["buildGPX","XML correctness"],"duration":4,"failing":false,"failureDetails":[],"failureMessages":[],"fullName":"buildGPX XML correctness is parseable XML","invocations":1,"location":null,"numPassingAsserts":1,"retryReasons":[],"startAt":1778842799989,"status":"passed","title":"is parseable XML"},{"ancestorTitles":["buildGPX","XML correctness"],"duration":1,"failing":false,"failureDetails":[],"failureMessages":[],"fullName":"buildGPX XML correctness root element is gpx","invocations":1,"location":null,"numPassingAsserts":1,"retryReasons":[],"startAt":1778842799994,"status":"passed","title":"root element is gpx"},{"ancestorTitles":["buildGPX","XML correctness"],"duration":2,"failing":false,"failureDetails":[],"failureMessages":[],"fullName":"buildGPX XML correctness escapes special characters in text content","invocations":1,"location":null,"numPassingAsserts":2,"retryReasons":[],"startAt":1778842799995,"status":"passed","title":"escapes special characters in text content"},{"ancestorTitles":["buildGPX","empty name fallback"],"duration":1,"failing":false,"failureDetails":[],"failureMessages":[],"fullName":"buildGPX empty name fallback uses empty string when name is undefined","invocations":1,"location":null,"numPassingAsserts":1,"retryReasons":[],"startAt":1778842799998,"status":"passed","title":"uses empty string when name is undefined"}],"endTime":1778842800000,"message":"","name":"/Users/dluxen/Coding/osrm-frontend/test/gpx.test.js","startTime":1778842799954,"status":"passed","summary":""},{"assertionResults":[{"ancestorTitles":["tools debug map link"],"duration":5,"failing":false,"failureDetails":[],"failureMessages":[],"fullName":"tools debug map link opens the debug map on the current frontend origin","invocations":1,"location":null,"numPassingAsserts":1,"retryReasons":[],"startAt":1778842800027,"status":"passed","title":"opens the debug map on the current frontend origin"},{"ancestorTitles":["tools debug map link"],"duration":2,"failing":false,"failureDetails":[],"failureMessages":[],"fullName":"tools debug map link preserves a frontend subpath when opening the debug map","invocations":1,"location":null,"numPassingAsserts":1,"retryReasons":[],"startAt":1778842800032,"status":"passed","title":"preserves a frontend subpath when opening the debug map"},{"ancestorTitles":["tools debug map link"],"duration":1,"failing":false,"failureDetails":[],"failureMessages":[],"fullName":"tools debug map link keeps the Leaflet event API on the control","invocations":1,"location":null,"numPassingAsserts":1,"retryReasons":[],"startAt":1778842800034,"status":"passed","title":"keeps the Leaflet event API on the control"},{"ancestorTitles":["tools debug map link"],"duration":2,"failing":false,"failureDetails":[],"failureMessages":[],"fullName":"tools debug map link falls back to Mixin.Events when Evented is unavailable","invocations":1,"location":null,"numPassingAsserts":1,"retryReasons":[],"startAt":1778842800035,"status":"passed","title":"falls back to Mixin.Events when Evented is unavailable"},{"ancestorTitles":["tools share popup"],"duration":7,"failing":false,"failureDetails":[],"failureMessages":[],"fullName":"tools share popup shows the current URL in the share popup by default","invocations":1,"location":null,"numPassingAsserts":2,"retryReasons":[],"startAt":1778842800037,"status":"passed","title":"shows the current URL in the share popup by default"},{"ancestorTitles":["tools share popup"],"duration":5,"failing":false,"failureDetails":[],"failureMessages":[],"fullName":"tools share popup switches to a shortlink and closes when the overlay is clicked","invocations":1,"location":null,"numPassingAsserts":3,"retryReasons":[],"startAt":1778842800044,"status":"passed","title":"switches to a shortlink and closes when the overlay is clicked"}],"endTime":1778842800050,"message":"","name":"/Users/dluxen/Coding/osrm-frontend/test/tools.test.js","startTime":1778842800011,"status":"passed","summary":""},{"assertionResults":[{"ancestorTitles":["geocoder cache"],"duration":4,"failing":false,"failureDetails":[],"failureMessages":[],"fullName":"geocoder cache caches successful search responses and reuses cache","invocations":1,"location":null,"numPassingAsserts":9,"retryReasons":[],"startAt":1778842800070,"status":"passed","title":"caches successful search responses and reuses cache"},{"ancestorTitles":["geocoder cache"],"duration":1,"failing":false,"failureDetails":[],"failureMessages":[],"fullName":"geocoder cache sets input background to orange on 429","invocations":1,"location":null,"numPassingAsserts":3,"retryReasons":[],"startAt":1778842800074,"status":"passed","title":"sets input background to orange on 429"},{"ancestorTitles":["geocoder cache"],"duration":1,"failing":false,"failureDetails":[],"failureMessages":[],"fullName":"geocoder cache expires old entries on load (TTL)","invocations":1,"location":null,"numPassingAsserts":2,"retryReasons":[],"startAt":1778842800075,"status":"passed","title":"expires old entries on load (TTL)"},{"ancestorTitles":["geocoder cache"],"duration":3,"failing":false,"failureDetails":[],"failureMessages":[],"fullName":"geocoder cache sliding TTL: accessing an entry refreshes its expiry","invocations":1,"location":null,"numPassingAsserts":4,"retryReasons":[],"startAt":1778842800076,"status":"passed","title":"sliding TTL: accessing an entry refreshes its expiry"},{"ancestorTitles":["geocoder cache"],"duration":2,"failing":false,"failureDetails":[],"failureMessages":[],"fullName":"geocoder cache evicts oldest entry when capacity exceeded","invocations":1,"location":null,"numPassingAsserts":4,"retryReasons":[],"startAt":1778842800079,"status":"passed","title":"evicts oldest entry when capacity exceeded"},{"ancestorTitles":["geocoder cache"],"duration":1,"failing":false,"failureDetails":[],"failureMessages":[],"fullName":"geocoder cache uses nominatim geocode path and caches results","invocations":1,"location":null,"numPassingAsserts":3,"retryReasons":[],"startAt":1778842800081,"status":"passed","title":"uses nominatim geocode path and caches results"},{"ancestorTitles":["geocoder cache"],"duration":1,"failing":false,"failureDetails":[],"failureMessages":[],"fullName":"geocoder cache caches nominatim.reverse results and reuses them","invocations":1,"location":null,"numPassingAsserts":3,"retryReasons":[],"startAt":1778842800082,"status":"passed","title":"caches nominatim.reverse results and reuses them"},{"ancestorTitles":["geocoder cache"],"duration":1,"failing":false,"failureDetails":[],"failureMessages":[],"fullName":"geocoder cache LRU order is persisted to localStorage on get()","invocations":1,"location":null,"numPassingAsserts":2,"retryReasons":[],"startAt":1778842800083,"status":"passed","title":"LRU order is persisted to localStorage on get()"},{"ancestorTitles":["geocoder cache"],"duration":2,"failing":false,"failureDetails":[],"failureMessages":[],"fullName":"geocoder cache enforces maxEntries on load","invocations":1,"location":null,"numPassingAsserts":2,"retryReasons":[],"startAt":1778842800084,"status":"passed","title":"enforces maxEntries on load"},{"ancestorTitles":["geocoder cache"],"duration":1,"failing":false,"failureDetails":[],"failureMessages":[],"fullName":"geocoder cache persists bbox in canonical array format","invocations":1,"location":null,"numPassingAsserts":4,"retryReasons":[],"startAt":1778842800086,"status":"passed","title":"persists bbox in canonical array format"}],"endTime":1778842800087,"message":"","name":"/Users/dluxen/Coding/osrm-frontend/test/geocoder_cache.test.js","startTime":1778842800053,"status":"passed","summary":""},{"assertionResults":[{"ancestorTitles":["State language updates"],"duration":8,"failing":false,"failureDetails":[],"failureMessages":[],"fullName":"State language updates updates geocoder placeholders when language changes","invocations":1,"location":null,"numPassingAsserts":4,"retryReasons":[],"startAt":1778842800122,"status":"passed","title":"updates geocoder placeholders when language changes"}],"endTime":1778842800131,"message":"","name":"/Users/dluxen/Coding/osrm-frontend/test/state.test.js","startTime":1778842800096,"status":"passed","summary":""},{"assertionResults":[{"ancestorTitles":["geocoder.coordPreserving"],"duration":1,"failing":false,"failureDetails":[],"failureMessages":[],"fullName":"geocoder.coordPreserving passes serviceUrl to nominatim and preserves exact coordinates for coordinate input","invocations":1,"location":null,"numPassingAsserts":5,"retryReasons":[],"startAt":1778842800151,"status":"passed","title":"passes serviceUrl to nominatim and preserves exact coordinates for coordinate input"},{"ancestorTitles":["geocoder.coordPreserving"],"duration":1,"failing":false,"failureDetails":[],"failureMessages":[],"fullName":"geocoder.coordPreserving invokes L.Control.Geocoder.nominatim() with no args when nominatimUrl omitted","invocations":1,"location":null,"numPassingAsserts":2,"retryReasons":[],"startAt":1778842800152,"status":"passed","title":"invokes L.Control.Geocoder.nominatim() with no args when nominatimUrl omitted"},{"ancestorTitles":["geocoder.coordPreserving","reverse geocoding wraps out-of-range longitudes"],"duration":1,"failing":false,"failureDetails":[],"failureMessages":[],"fullName":"geocoder.coordPreserving reverse geocoding wraps out-of-range longitudes passes wrapped longitude to nominatim.reverse when lng < -180","invocations":1,"location":null,"numPassingAsserts":3,"retryReasons":[],"startAt":1778842800153,"status":"passed","title":"passes wrapped longitude to nominatim.reverse when lng < -180"},{"ancestorTitles":["geocoder.coordPreserving","reverse geocoding wraps out-of-range longitudes"],"duration":0,"failing":false,"failureDetails":[],"failureMessages":[],"fullName":"geocoder.coordPreserving reverse geocoding wraps out-of-range longitudes passes wrapped longitude to nominatim.reverse when lng > +180","invocations":1,"location":null,"numPassingAsserts":2,"retryReasons":[],"startAt":1778842800154,"status":"passed","title":"passes wrapped longitude to nominatim.reverse when lng > +180"},{"ancestorTitles":["geocoder.coordPreserving","reverse geocoding wraps out-of-range longitudes"],"duration":0,"failing":false,"failureDetails":[],"failureMessages":[],"fullName":"geocoder.coordPreserving reverse geocoding wraps out-of-range longitudes does not alter longitudes already in [-180, 180]","invocations":1,"location":null,"numPassingAsserts":1,"retryReasons":[],"startAt":1778842800155,"status":"passed","title":"does not alter longitudes already in [-180, 180]"},{"ancestorTitles":["geocoder.coordPreserving","reverse geocoding wraps out-of-range longitudes"],"duration":1,"failing":false,"failureDetails":[],"failureMessages":[],"fullName":"geocoder.coordPreserving reverse geocoding wraps out-of-range longitudes re-offsets result center back to original coordinate space when lng < -180","invocations":1,"location":null,"numPassingAsserts":1,"retryReasons":[],"startAt":1778842800155,"status":"passed","title":"re-offsets result center back to original coordinate space when lng < -180"},{"ancestorTitles":["geocoder.coordPreserving","reverse geocoding wraps out-of-range longitudes"],"duration":0,"failing":false,"failureDetails":[],"failureMessages":[],"fullName":"geocoder.coordPreserving reverse geocoding wraps out-of-range longitudes re-offsets result center back to original coordinate space when lng > +180","invocations":1,"location":null,"numPassingAsserts":1,"retryReasons":[],"startAt":1778842800156,"status":"passed","title":"re-offsets result center back to original coordinate space when lng > +180"},{"ancestorTitles":["geocoder.coordPreserving","reverse geocoding wraps out-of-range longitudes"],"duration":0,"failing":false,"failureDetails":[],"failureMessages":[],"fullName":"geocoder.coordPreserving reverse geocoding wraps out-of-range longitudes leaves result center unchanged when input is already in [-180, 180]","invocations":1,"location":null,"numPassingAsserts":1,"retryReasons":[],"startAt":1778842800157,"status":"passed","title":"leaves result center unchanged when input is already in [-180, 180]"},{"ancestorTitles":["geocoder.wrappedWaypointNameFallback"],"duration":1,"failing":false,"failureDetails":[],"failureMessages":[],"fullName":"geocoder.wrappedWaypointNameFallback wraps longitude > +180 before formatting","invocations":1,"location":null,"numPassingAsserts":1,"retryReasons":[],"startAt":1778842800157,"status":"passed","title":"wraps longitude > +180 before formatting"},{"ancestorTitles":["geocoder.wrappedWaypointNameFallback"],"duration":0,"failing":false,"failureDetails":[],"failureMessages":[],"fullName":"geocoder.wrappedWaypointNameFallback wraps longitude < -180 before formatting","invocations":1,"location":null,"numPassingAsserts":1,"retryReasons":[],"startAt":1778842800158,"status":"passed","title":"wraps longitude < -180 before formatting"},{"ancestorTitles":["geocoder.wrappedWaypointNameFallback"],"duration":1,"failing":false,"failureDetails":[],"failureMessages":[],"fullName":"geocoder.wrappedWaypointNameFallback leaves in-range coordinates unchanged","invocations":1,"location":null,"numPassingAsserts":1,"retryReasons":[],"startAt":1778842800158,"status":"passed","title":"leaves in-range coordinates unchanged"},{"ancestorTitles":["geocoder.wrappedWaypointNameFallback"],"duration":0,"failing":false,"failureDetails":[],"failureMessages":[],"fullName":"geocoder.wrappedWaypointNameFallback handles latLng without wrap() gracefully","invocations":1,"location":null,"numPassingAsserts":1,"retryReasons":[],"startAt":1778842800159,"status":"passed","title":"handles latLng without wrap() gracefully"},{"ancestorTitles":["geocoder.wrappedWaypointNameFallback"],"duration":1,"failing":false,"failureDetails":[],"failureMessages":[],"fullName":"geocoder.wrappedWaypointNameFallback uses S/W for negative lat/lng","invocations":1,"location":null,"numPassingAsserts":1,"retryReasons":[],"startAt":1778842800159,"status":"passed","title":"uses S/W for negative lat/lng"}],"endTime":1778842800160,"message":"","name":"/Users/dluxen/Coding/osrm-frontend/test/geocoder.test.js","startTime":1778842800135,"status":"passed","summary":""},{"assertionResults":[{"ancestorTitles":["Profile Selector","Mode Selector"],"duration":2,"failing":false,"failureDetails":[],"failureMessages":[],"fullName":"Profile Selector Mode Selector should render profile selector when profiles are provided","invocations":1,"location":null,"numPassingAsserts":2,"retryReasons":[],"startAt":1778842800187,"status":"passed","title":"should render profile selector when profiles are provided"},{"ancestorTitles":["Profile Selector","Mode Selector"],"duration":1,"failing":false,"failureDetails":[],"failureMessages":[],"fullName":"Profile Selector Mode Selector should have three profile options","invocations":1,"location":null,"numPassingAsserts":1,"retryReasons":[],"startAt":1778842800189,"status":"passed","title":"should have three profile options"},{"ancestorTitles":["Profile Selector","Mode Selector"],"duration":1,"failing":false,"failureDetails":[],"failureMessages":[],"fullName":"Profile Selector Mode Selector should select first profile by default","invocations":1,"location":null,"numPassingAsserts":1,"retryReasons":[],"startAt":1778842800190,"status":"passed","title":"should select first profile by default"},{"ancestorTitles":["Profile Selector","Mode Selector"],"duration":1,"failing":false,"failureDetails":[],"failureMessages":[],"fullName":"Profile Selector Mode Selector should translate profile labels using localization","invocations":1,"location":null,"numPassingAsserts":3,"retryReasons":[],"startAt":1778842800191,"status":"passed","title":"should translate profile labels using localization"},{"ancestorTitles":["Profile Selector","Router Profile Patching"],"duration":0,"failing":false,"failureDetails":[],"failureMessages":[],"fullName":"Profile Selector Router Profile Patching should set active service and profile on router","invocations":1,"location":null,"numPassingAsserts":6,"retryReasons":[],"startAt":1778842800192,"status":"passed","title":"should set active service and profile on router"},{"ancestorTitles":["Profile Selector","Router Profile Patching"],"duration":0,"failing":false,"failureDetails":[],"failureMessages":[],"fullName":"Profile Selector Router Profile Patching should not change service for invalid index","invocations":1,"location":null,"numPassingAsserts":2,"retryReasons":[],"startAt":1778842800193,"status":"passed","title":"should not change service for invalid index"},{"ancestorTitles":["Profile Selector","localStorage Persistence"],"duration":0,"failing":false,"failureDetails":[],"failureMessages":[],"fullName":"Profile Selector localStorage Persistence should store profile selection in localStorage","invocations":1,"location":null,"numPassingAsserts":1,"retryReasons":[],"startAt":1778842800193,"status":"passed","title":"should store profile selection in localStorage"},{"ancestorTitles":["Profile Selector","localStorage Persistence"],"duration":1,"failing":false,"failureDetails":[],"failureMessages":[],"fullName":"Profile Selector localStorage Persistence should retrieve profile selection from localStorage","invocations":1,"location":null,"numPassingAsserts":1,"retryReasons":[],"startAt":1778842800193,"status":"passed","title":"should retrieve profile selection from localStorage"}],"endTime":1778842800194,"message":"","name":"/Users/dluxen/Coding/osrm-frontend/test/profile_selector.test.js","startTime":1778842800168,"status":"passed","summary":""},{"assertionResults":[{"ancestorTitles":["leaflet.locatecontrol CJS compatibility — JS semantics"],"duration":6,"failing":false,"failureDetails":[],"failureMessages":[],"fullName":"leaflet.locatecontrol CJS compatibility — JS semantics reading .locate on undefined throws TypeError","invocations":1,"location":null,"numPassingAsserts":1,"retryReasons":[],"startAt":1778842800217,"status":"passed","title":"reading .locate on undefined throws TypeError"},{"ancestorTitles":["leaflet.locatecontrol CJS compatibility — JS semantics"],"duration":0,"failing":false,"failureDetails":[],"failureMessages":[],"fullName":"leaflet.locatecontrol CJS compatibility — JS semantics pre-initialising namespace prevents the crash","invocations":1,"location":null,"numPassingAsserts":1,"retryReasons":[],"startAt":1778842800223,"status":"passed","title":"pre-initialising namespace prevents the crash"},{"ancestorTitles":["leaflet.locatecontrol module exports"],"duration":1,"failing":false,"failureDetails":[],"failureMessages":[],"fullName":"leaflet.locatecontrol module exports exports a locate factory function","invocations":1,"location":null,"numPassingAsserts":1,"retryReasons":[],"startAt":1778842800232,"status":"passed","title":"exports a locate factory function"},{"ancestorTitles":["leaflet.locatecontrol module exports"],"duration":0,"failing":false,"failureDetails":[],"failureMessages":[],"fullName":"leaflet.locatecontrol module exports exports a LocateControl class","invocations":1,"location":null,"numPassingAsserts":1,"retryReasons":[],"startAt":1778842800233,"status":"passed","title":"exports a LocateControl class"},{"ancestorTitles":["leaflet.locatecontrol module exports"],"duration":1,"failing":false,"failureDetails":[],"failureMessages":[],"fullName":"leaflet.locatecontrol module exports locate factory returns an object with addTo method","invocations":1,"location":null,"numPassingAsserts":2,"retryReasons":[],"startAt":1778842800233,"status":"passed","title":"locate factory returns an object with addTo method"},{"ancestorTitles":["leaflet.locatecontrol module exports"],"duration":0,"failing":false,"failureDetails":[],"failureMessages":[],"fullName":"leaflet.locatecontrol module exports locate factory accepts all options used in src/index.js","invocations":1,"location":null,"numPassingAsserts":1,"retryReasons":[],"startAt":1778842800234,"status":"passed","title":"locate factory accepts all options used in src/index.js"}],"endTime":1778842800234,"message":"","name":"/Users/dluxen/Coding/osrm-frontend/test/locate_control.test.js","startTime":1778842800202,"status":"passed","summary":""},{"assertionResults":[{"ancestorTitles":["links.parse — dst/src address parameters"],"duration":1,"failing":false,"failureDetails":[],"failureMessages":[],"fullName":"links.parse — dst/src address parameters parses ?dst into destinationAddress","invocations":1,"location":null,"numPassingAsserts":1,"retryReasons":[],"startAt":1778842800256,"status":"passed","title":"parses ?dst into destinationAddress"},{"ancestorTitles":["links.parse — dst/src address parameters"],"duration":0,"failing":false,"failureDetails":[],"failureMessages":[],"fullName":"links.parse — dst/src address parameters parses ?src into originAddress","invocations":1,"location":null,"numPassingAsserts":1,"retryReasons":[],"startAt":1778842800257,"status":"passed","title":"parses ?src into originAddress"},{"ancestorTitles":["links.parse — dst/src address parameters"],"duration":0,"failing":false,"failureDetails":[],"failureMessages":[],"fullName":"links.parse — dst/src address parameters parses both ?src and ?dst together","invocations":1,"location":null,"numPassingAsserts":2,"retryReasons":[],"startAt":1778842800257,"status":"passed","title":"parses both ?src and ?dst together"},{"ancestorTitles":["links.parse — dst/src address parameters"],"duration":1,"failing":false,"failureDetails":[],"failureMessages":[],"fullName":"links.parse — dst/src address parameters parses address strings with spaces and special characters","invocations":1,"location":null,"numPassingAsserts":1,"retryReasons":[],"startAt":1778842800257,"status":"passed","title":"parses address strings with spaces and special characters"},{"ancestorTitles":["links.parse — dst/src address parameters"],"duration":0,"failing":false,"failureDetails":[],"failureMessages":[],"fullName":"links.parse — dst/src address parameters returns undefined originAddress when src is absent","invocations":1,"location":null,"numPassingAsserts":1,"retryReasons":[],"startAt":1778842800258,"status":"passed","title":"returns undefined originAddress when src is absent"},{"ancestorTitles":["links.parse — dst/src address parameters"],"duration":0,"failing":false,"failureDetails":[],"failureMessages":[],"fullName":"links.parse — dst/src address parameters returns undefined destinationAddress when dst is absent","invocations":1,"location":null,"numPassingAsserts":1,"retryReasons":[],"startAt":1778842800258,"status":"passed","title":"returns undefined destinationAddress when dst is absent"},{"ancestorTitles":["links.parse — dst/src address parameters"],"duration":1,"failing":false,"failureDetails":[],"failureMessages":[],"fullName":"links.parse — dst/src address parameters dst/src absent from result when empty string","invocations":1,"location":null,"numPassingAsserts":2,"retryReasons":[],"startAt":1778842800258,"status":"passed","title":"dst/src absent from result when empty string"},{"ancestorTitles":["links.format — dst/src are not serialized"],"duration":0,"failing":false,"failureDetails":[],"failureMessages":[],"fullName":"links.format — dst/src are not serialized formatLink does not include dst in output","invocations":1,"location":null,"numPassingAsserts":2,"retryReasons":[],"startAt":1778842800259,"status":"passed","title":"formatLink does not include dst in output"},{"ancestorTitles":["links.parse — existing loc= params still work"],"duration":1,"failing":false,"failureDetails":[],"failureMessages":[],"fullName":"links.parse — existing loc= params still work parses loc= coordinate pairs normally","invocations":1,"location":null,"numPassingAsserts":3,"retryReasons":[],"startAt":1778842800259,"status":"passed","title":"parses loc= coordinate pairs normally"},{"ancestorTitles":["links.parse — existing loc= params still work"],"duration":0,"failing":false,"failureDetails":[],"failureMessages":[],"fullName":"links.parse — existing loc= params still work dst and src are parsed alongside loc= without conflict","invocations":1,"location":null,"numPassingAsserts":2,"retryReasons":[],"startAt":1778842800260,"status":"passed","title":"dst and src are parsed alongside loc= without conflict"},{"ancestorTitles":["links.format — coordinate wrapping (issues #206, #307)"],"duration":1,"failing":false,"failureDetails":[],"failureMessages":[],"fullName":"links.format — coordinate wrapping (issues #206, #307) wraps waypoint longitude < -180 when formatting","invocations":1,"location":null,"numPassingAsserts":3,"retryReasons":[],"startAt":1778842800260,"status":"passed","title":"wraps waypoint longitude < -180 when formatting"},{"ancestorTitles":["links.format — coordinate wrapping (issues #206, #307)"],"duration":0,"failing":false,"failureDetails":[],"failureMessages":[],"fullName":"links.format — coordinate wrapping (issues #206, #307) wraps waypoint longitude > +360 when formatting","invocations":1,"location":null,"numPassingAsserts":3,"retryReasons":[],"startAt":1778842800261,"status":"passed","title":"wraps waypoint longitude > +360 when formatting"},{"ancestorTitles":["links.format — coordinate wrapping (issues #206, #307)"],"duration":0,"failing":false,"failureDetails":[],"failureMessages":[],"fullName":"links.format — coordinate wrapping (issues #206, #307) wraps center longitude when formatting","invocations":1,"location":null,"numPassingAsserts":2,"retryReasons":[],"startAt":1778842800261,"status":"passed","title":"wraps center longitude when formatting"},{"ancestorTitles":["links.format — coordinate wrapping (issues #206, #307)"],"duration":1,"failing":false,"failureDetails":[],"failureMessages":[],"fullName":"links.format — coordinate wrapping (issues #206, #307) does not alter coordinates already in [-180, 180]","invocations":1,"location":null,"numPassingAsserts":2,"retryReasons":[],"startAt":1778842800261,"status":"passed","title":"does not alter coordinates already in [-180, 180]"}],"endTime":1778842800262,"message":"","name":"/Users/dluxen/Coding/osrm-frontend/test/links.test.js","startTime":1778842800237,"status":"passed","summary":""},{"assertionResults":[{"ancestorTitles":["_leftOrRight patch (issue #255)"],"duration":0,"failing":false,"failureDetails":[],"failureMessages":[],"fullName":"_leftOrRight patch (issue #255) maps \"left\" to \"Left\"","invocations":1,"location":null,"numPassingAsserts":1,"retryReasons":[],"startAt":1778842800281,"status":"passed","title":"maps \"left\" to \"Left\""},{"ancestorTitles":["_leftOrRight patch (issue #255)"],"duration":0,"failing":false,"failureDetails":[],"failureMessages":[],"fullName":"_leftOrRight patch (issue #255) maps \"slight left\" to \"Left\"","invocations":1,"location":null,"numPassingAsserts":1,"retryReasons":[],"startAt":1778842800282,"status":"passed","title":"maps \"slight left\" to \"Left\""},{"ancestorTitles":["_leftOrRight patch (issue #255)"],"duration":0,"failing":false,"failureDetails":[],"failureMessages":[],"fullName":"_leftOrRight patch (issue #255) maps \"sharp left\" to \"Left\"","invocations":1,"location":null,"numPassingAsserts":1,"retryReasons":[],"startAt":1778842800282,"status":"passed","title":"maps \"sharp left\" to \"Left\""},{"ancestorTitles":["_leftOrRight patch (issue #255)"],"duration":0,"failing":false,"failureDetails":[],"failureMessages":[],"fullName":"_leftOrRight patch (issue #255) maps \"right\" to \"Right\"","invocations":1,"location":null,"numPassingAsserts":1,"retryReasons":[],"startAt":1778842800282,"status":"passed","title":"maps \"right\" to \"Right\""},{"ancestorTitles":["_leftOrRight patch (issue #255)"],"duration":1,"failing":false,"failureDetails":[],"failureMessages":[],"fullName":"_leftOrRight patch (issue #255) maps \"slight right\" to \"Right\"","invocations":1,"location":null,"numPassingAsserts":1,"retryReasons":[],"startAt":1778842800282,"status":"passed","title":"maps \"slight right\" to \"Right\""},{"ancestorTitles":["_leftOrRight patch (issue #255)"],"duration":0,"failing":false,"failureDetails":[],"failureMessages":[],"fullName":"_leftOrRight patch (issue #255) maps \"sharp right\" to \"Right\"","invocations":1,"location":null,"numPassingAsserts":1,"retryReasons":[],"startAt":1778842800283,"status":"passed","title":"maps \"sharp right\" to \"Right\""},{"ancestorTitles":["_leftOrRight patch (issue #255)"],"duration":0,"failing":false,"failureDetails":[],"failureMessages":[],"fullName":"_leftOrRight patch (issue #255) preserves \"straight\" instead of defaulting to \"Right\" (core bug fix)","invocations":1,"location":null,"numPassingAsserts":1,"retryReasons":[],"startAt":1778842800283,"status":"passed","title":"preserves \"straight\" instead of defaulting to \"Right\" (core bug fix)"},{"ancestorTitles":["_leftOrRight patch (issue #255)"],"duration":0,"failing":false,"failureDetails":[],"failureMessages":[],"fullName":"_leftOrRight patch (issue #255) preserves \"uturn\"","invocations":1,"location":null,"numPassingAsserts":1,"retryReasons":[],"startAt":1778842800283,"status":"passed","title":"preserves \"uturn\""},{"ancestorTitles":["_leftOrRight patch (issue #255)"],"duration":1,"failing":false,"failureDetails":[],"failureMessages":[],"fullName":"_leftOrRight patch (issue #255) handles null/undefined gracefully","invocations":1,"location":null,"numPassingAsserts":2,"retryReasons":[],"startAt":1778842800283,"status":"passed","title":"handles null/undefined gracefully"},{"ancestorTitles":["applyPatches"],"duration":0,"failing":false,"failureDetails":[],"failureMessages":[],"fullName":"applyPatches overrides _leftOrRight on the router instance","invocations":1,"location":null,"numPassingAsserts":2,"retryReasons":[],"startAt":1778842800284,"status":"passed","title":"overrides _leftOrRight on the router instance"},{"ancestorTitles":["applyPatches"],"duration":0,"failing":false,"failureDetails":[],"failureMessages":[],"fullName":"applyPatches applyPatches also installs wrapWaypoints on the router","invocations":1,"location":null,"numPassingAsserts":1,"retryReasons":[],"startAt":1778842800284,"status":"passed","title":"applyPatches also installs wrapWaypoints on the router"},{"ancestorTitles":["wrapWaypoints (issues #206, #307)"],"duration":1,"failing":false,"failureDetails":[],"failureMessages":[],"fullName":"wrapWaypoints (issues #206, #307) wraps a waypoint with longitude < -180 before routing","invocations":1,"location":null,"numPassingAsserts":1,"retryReasons":[],"startAt":1778842800284,"status":"passed","title":"wraps a waypoint with longitude < -180 before routing"},{"ancestorTitles":["wrapWaypoints (issues #206, #307)"],"duration":0,"failing":false,"failureDetails":[],"failureMessages":[],"fullName":"wrapWaypoints (issues #206, #307) re-offsets snapped route.waypoints back to original coordinate space","invocations":1,"location":null,"numPassingAsserts":1,"retryReasons":[],"startAt":1778842800285,"status":"passed","title":"re-offsets snapped route.waypoints back to original coordinate space"},{"ancestorTitles":["wrapWaypoints (issues #206, #307)"],"duration":0,"failing":false,"failureDetails":[],"failureMessages":[],"fullName":"wrapWaypoints (issues #206, #307) re-offset snapped waypoint preserves wrap() for further use","invocations":1,"location":null,"numPassingAsserts":2,"retryReasons":[],"startAt":1778842800285,"status":"passed","title":"re-offset snapped waypoint preserves wrap() for further use"},{"ancestorTitles":["wrapWaypoints (issues #206, #307)"],"duration":1,"failing":false,"failureDetails":[],"failureMessages":[],"fullName":"wrapWaypoints (issues #206, #307) does not re-offset snapped waypoints when original coords are in range","invocations":1,"location":null,"numPassingAsserts":1,"retryReasons":[],"startAt":1778842800285,"status":"passed","title":"does not re-offset snapped waypoints when original coords are in range"},{"ancestorTitles":["wrapWaypoints (issues #206, #307)"],"duration":0,"failing":false,"failureDetails":[],"failureMessages":[],"fullName":"wrapWaypoints (issues #206, #307) wraps a waypoint with longitude > +180 before routing","invocations":1,"location":null,"numPassingAsserts":1,"retryReasons":[],"startAt":1778842800286,"status":"passed","title":"wraps a waypoint with longitude > +180 before routing"},{"ancestorTitles":["wrapWaypoints (issues #206, #307)"],"duration":0,"failing":false,"failureDetails":[],"failureMessages":[],"fullName":"wrapWaypoints (issues #206, #307) leaves coordinates already in [-180, 180] unchanged","invocations":1,"location":null,"numPassingAsserts":1,"retryReasons":[],"startAt":1778842800286,"status":"passed","title":"leaves coordinates already in [-180, 180] unchanged"},{"ancestorTitles":["wrapWaypoints (issues #206, #307)"],"duration":0,"failing":false,"failureDetails":[],"failureMessages":[],"fullName":"wrapWaypoints (issues #206, #307) handles null waypoints gracefully","invocations":1,"location":null,"numPassingAsserts":2,"retryReasons":[],"startAt":1778842800286,"status":"passed","title":"handles null waypoints gracefully"},{"ancestorTitles":["wrapWaypoints (issues #206, #307)"],"duration":0,"failing":false,"failureDetails":[],"failureMessages":[],"fullName":"wrapWaypoints (issues #206, #307) handles waypoints without wrap() gracefully (no Leaflet LatLng)","invocations":1,"location":null,"numPassingAsserts":1,"retryReasons":[],"startAt":1778842800287,"status":"passed","title":"handles waypoints without wrap() gracefully (no Leaflet LatLng)"},{"ancestorTitles":["wrapWaypoints (issues #206, #307)"],"duration":0,"failing":false,"failureDetails":[],"failureMessages":[],"fullName":"wrapWaypoints (issues #206, #307) does not mutate the original waypoint object","invocations":1,"location":null,"numPassingAsserts":2,"retryReasons":[],"startAt":1778842800287,"status":"passed","title":"does not mutate the original waypoint object"},{"ancestorTitles":["wrapWaypoints (issues #206, #307)"],"duration":0,"failing":false,"failureDetails":[],"failureMessages":[],"fullName":"wrapWaypoints (issues #206, #307) re-offsets route.coordinates so the polyline draws in the correct world copy","invocations":1,"location":null,"numPassingAsserts":2,"retryReasons":[],"startAt":1778842800287,"status":"passed","title":"re-offsets route.coordinates so the polyline draws in the correct world copy"},{"ancestorTitles":["wrapWaypoints (issues #206, #307)"],"duration":0,"failing":false,"failureDetails":[],"failureMessages":[],"fullName":"wrapWaypoints (issues #206, #307) does not re-offset route.coordinates when coords are already in range","invocations":1,"location":null,"numPassingAsserts":1,"retryReasons":[],"startAt":1778842800288,"status":"passed","title":"does not re-offset route.coordinates when coords are already in range"}],"endTime":1778842800288,"message":"","name":"/Users/dluxen/Coding/osrm-frontend/test/itinerary_ramp.test.js","startTime":1778842800265,"status":"passed","summary":""},{"assertionResults":[{"ancestorTitles":["index baselayer initialization"],"duration":1,"failing":false,"failureDetails":[],"failureMessages":[],"fullName":"index baselayer initialization Object.assign({}, defaultState, parsed) does not mutate defaultState.layer","invocations":1,"location":null,"numPassingAsserts":1,"retryReasons":[],"startAt":1778842800311,"status":"passed","title":"Object.assign({}, defaultState, parsed) does not mutate defaultState.layer"},{"ancestorTitles":["index baselayer initialization"],"duration":0,"failing":false,"failureDetails":[],"failureMessages":[],"fullName":"index baselayer initialization chooses baselayer from mergedOptions.layer when present","invocations":1,"location":null,"numPassingAsserts":1,"retryReasons":[],"startAt":1778842800312,"status":"passed","title":"chooses baselayer from mergedOptions.layer when present"},{"ancestorTitles":["index baselayer initialization"],"duration":1,"failing":false,"failureDetails":[],"failureMessages":[],"fullName":"index baselayer initialization ly URL param takes precedence over stored localStorage layer","invocations":1,"location":null,"numPassingAsserts":1,"retryReasons":[],"startAt":1778842800312,"status":"passed","title":"ly URL param takes precedence over stored localStorage layer"},{"ancestorTitles":["index baselayer initialization"],"duration":0,"failing":false,"failureDetails":[],"failureMessages":[],"fullName":"index baselayer initialization stored layer name is matched case-insensitively","invocations":1,"location":null,"numPassingAsserts":1,"retryReasons":[],"startAt":1778842800313,"status":"passed","title":"stored layer name is matched case-insensitively"}],"endTime":1778842800313,"message":"","name":"/Users/dluxen/Coding/osrm-frontend/test/index.layer.init.test.js","startTime":1778842800291,"status":"passed","summary":""},{"assertionResults":[{"ancestorTitles":["applyReplacements — leaflet_options.js content"],"duration":1,"failing":false,"failureDetails":[],"failureMessages":[],"fullName":"applyReplacements — leaflet_options.js content replaces backend URL","invocations":1,"location":null,"numPassingAsserts":2,"retryReasons":[],"startAt":1778842800336,"status":"passed","title":"replaces backend URL"},{"ancestorTitles":["applyReplacements — leaflet_options.js content"],"duration":0,"failing":false,"failureDetails":[],"failureMessages":[],"fullName":"applyReplacements — leaflet_options.js content replaces profile label","invocations":1,"location":null,"numPassingAsserts":2,"retryReasons":[],"startAt":1778842800337,"status":"passed","title":"replaces profile label"},{"ancestorTitles":["applyReplacements — leaflet_options.js content"],"duration":0,"failing":false,"failureDetails":[],"failureMessages":[],"fullName":"applyReplacements — leaflet_options.js content replaces zoom level","invocations":1,"location":null,"numPassingAsserts":2,"retryReasons":[],"startAt":1778842800337,"status":"passed","title":"replaces zoom level"},{"ancestorTitles":["applyReplacements — leaflet_options.js content"],"duration":0,"failing":false,"failureDetails":[],"failureMessages":[],"fullName":"applyReplacements — leaflet_options.js content replaces language","invocations":1,"location":null,"numPassingAsserts":2,"retryReasons":[],"startAt":1778842800338,"status":"passed","title":"replaces language"},{"ancestorTitles":["applyReplacements — leaflet_options.js content"],"duration":0,"failing":false,"failureDetails":[],"failureMessages":[],"fullName":"applyReplacements — leaflet_options.js content replaces default layer","invocations":1,"location":null,"numPassingAsserts":2,"retryReasons":[],"startAt":1778842800338,"status":"passed","title":"replaces default layer"},{"ancestorTitles":["applyReplacements — leaflet_options.js content"],"duration":0,"failing":false,"failureDetails":[],"failureMessages":[],"fullName":"applyReplacements — leaflet_options.js content replaces Leaflet LatLng center coordinates","invocations":1,"location":null,"numPassingAsserts":2,"retryReasons":[],"startAt":1778842800338,"status":"passed","title":"replaces Leaflet LatLng center coordinates"},{"ancestorTitles":["applyReplacements — leaflet_options.js content"],"duration":1,"failing":false,"failureDetails":[],"failureMessages":[],"fullName":"applyReplacements — leaflet_options.js content uses defaults when no env vars given","invocations":1,"location":null,"numPassingAsserts":5,"retryReasons":[],"startAt":1778842800338,"status":"passed","title":"uses defaults when no env vars given"},{"ancestorTitles":["applyReplacements — leaflet_options.js content"],"duration":0,"failing":false,"failureDetails":[],"failureMessages":[],"fullName":"applyReplacements — leaflet_options.js content does not attempt to replace a mapbox token","invocations":1,"location":null,"numPassingAsserts":1,"retryReasons":[],"startAt":1778842800339,"status":"passed","title":"does not attempt to replace a mapbox token"},{"ancestorTitles":["applyReplacements — debug/index.html content"],"duration":0,"failing":false,"failureDetails":[],"failureMessages":[],"fullName":"applyReplacements — debug/index.html content replaces OSRM backend tile URL","invocations":1,"location":null,"numPassingAsserts":2,"retryReasons":[],"startAt":1778842800339,"status":"passed","title":"replaces OSRM backend tile URL"},{"ancestorTitles":["applyReplacements — debug/index.html content"],"duration":1,"failing":false,"failureDetails":[],"failureMessages":[],"fullName":"applyReplacements — debug/index.html content replaces GL-format initial center (LngLat)","invocations":1,"location":null,"numPassingAsserts":3,"retryReasons":[],"startAt":1778842800339,"status":"passed","title":"replaces GL-format initial center (LngLat)"},{"ancestorTitles":["applyReplacements — debug/index.html content"],"duration":0,"failing":false,"failureDetails":[],"failureMessages":[],"fullName":"applyReplacements — debug/index.html content replaces GL Map constructor center (LngLat)","invocations":1,"location":null,"numPassingAsserts":2,"retryReasons":[],"startAt":1778842800340,"status":"passed","title":"replaces GL Map constructor center (LngLat)"},{"ancestorTitles":["applyReplacements — edge cases"],"duration":0,"failing":false,"failureDetails":[],"failureMessages":[],"fullName":"applyReplacements — edge cases returns content unchanged when it contains no known placeholders","invocations":1,"location":null,"numPassingAsserts":1,"retryReasons":[],"startAt":1778842800340,"status":"passed","title":"returns content unchanged when it contains no known placeholders"},{"ancestorTitles":["applyReplacements — edge cases"],"duration":0,"failing":false,"failureDetails":[],"failureMessages":[],"fullName":"applyReplacements — edge cases handles http backend URLs as well as https","invocations":1,"location":null,"numPassingAsserts":1,"retryReasons":[],"startAt":1778842800340,"status":"passed","title":"handles http backend URLs as well as https"}],"endTime":1778842800341,"message":"","name":"/Users/dluxen/Coding/osrm-frontend/test/replace.test.js","startTime":1778842800320,"status":"passed","summary":""},{"assertionResults":[{"ancestorTitles":["Mode selector localization"],"duration":2,"failing":false,"failureDetails":[],"failureMessages":[],"fullName":"Mode selector localization updates profile labels and title when language changes","invocations":1,"location":null,"numPassingAsserts":4,"retryReasons":[],"startAt":1778842800365,"status":"passed","title":"updates profile labels and title when language changes"}],"endTime":1778842800367,"message":"","name":"/Users/dluxen/Coding/osrm-frontend/test/mode_selector.test.js","startTime":1778842800348,"status":"passed","summary":""},{"assertionResults":[{"ancestorTitles":["links.format — layer param (ly)"],"duration":1,"failing":false,"failureDetails":[],"failureMessages":[],"fullName":"links.format — layer param (ly) includes ly when given a layer name string","invocations":1,"location":null,"numPassingAsserts":1,"retryReasons":[],"startAt":1778842800392,"status":"passed","title":"includes ly when given a layer name string"},{"ancestorTitles":["links.format — layer param (ly)"],"duration":0,"failing":false,"failureDetails":[],"failureMessages":[],"fullName":"links.format — layer param (ly) includes ly when given a layer object with label","invocations":1,"location":null,"numPassingAsserts":1,"retryReasons":[],"startAt":1778842800393,"status":"passed","title":"includes ly when given a layer object with label"},{"ancestorTitles":["links.format — layer param (ly)"],"duration":0,"failing":false,"failureDetails":[],"failureMessages":[],"fullName":"links.format — layer param (ly) falls back to default layer name when layer missing","invocations":1,"location":null,"numPassingAsserts":1,"retryReasons":[],"startAt":1778842800393,"status":"passed","title":"falls back to default layer name when layer missing"}],"endTime":1778842800394,"message":"","name":"/Users/dluxen/Coding/osrm-frontend/test/links.layer.test.js","startTime":1778842800372,"status":"passed","summary":""},{"assertionResults":[{"ancestorTitles":["determineInitialLayers"],"duration":0,"failing":false,"failureDetails":[],"failureMessages":[],"fullName":"determineInitialLayers should show Bike overlay when profile is bike","invocations":1,"location":null,"numPassingAsserts":2,"retryReasons":[],"startAt":1778842800419,"status":"passed","title":"should show Bike overlay when profile is bike"},{"ancestorTitles":["determineInitialLayers"],"duration":0,"failing":false,"failureDetails":[],"failureMessages":[],"fullName":"determineInitialLayers should show Bike overlay when profile is bike even if stored overlay is true","invocations":1,"location":null,"numPassingAsserts":2,"retryReasons":[],"startAt":1778842800420,"status":"passed","title":"should show Bike overlay when profile is bike even if stored overlay is true"},{"ancestorTitles":["determineInitialLayers"],"duration":0,"failing":false,"failureDetails":[],"failureMessages":[],"fullName":"determineInitialLayers should show Small Components when non-bike profile and stored overlay is true","invocations":1,"location":null,"numPassingAsserts":2,"retryReasons":[],"startAt":1778842800420,"status":"passed","title":"should show Small Components when non-bike profile and stored overlay is true"},{"ancestorTitles":["determineInitialLayers"],"duration":0,"failing":false,"failureDetails":[],"failureMessages":[],"fullName":"determineInitialLayers should show only baselayer when non-bike profile and no stored overlay","invocations":1,"location":null,"numPassingAsserts":2,"retryReasons":[],"startAt":1778842800420,"status":"passed","title":"should show only baselayer when non-bike profile and no stored overlay"},{"ancestorTitles":["determineInitialLayers"],"duration":0,"failing":false,"failureDetails":[],"failureMessages":[],"fullName":"determineInitialLayers should show only baselayer for foot profile without stored overlay","invocations":1,"location":null,"numPassingAsserts":2,"retryReasons":[],"startAt":1778842800421,"status":"passed","title":"should show only baselayer for foot profile without stored overlay"},{"ancestorTitles":["determineInitialLayers"],"duration":0,"failing":false,"failureDetails":[],"failureMessages":[],"fullName":"determineInitialLayers should show Small Components for foot profile with stored overlay","invocations":1,"location":null,"numPassingAsserts":2,"retryReasons":[],"startAt":1778842800421,"status":"passed","title":"should show Small Components for foot profile with stored overlay"},{"ancestorTitles":["determineInitialLayers"],"duration":0,"failing":false,"failureDetails":[],"failureMessages":[],"fullName":"determineInitialLayers should fall back to baselayer for invalid profile index","invocations":1,"location":null,"numPassingAsserts":2,"retryReasons":[],"startAt":1778842800421,"status":"passed","title":"should fall back to baselayer for invalid profile index"},{"ancestorTitles":["determineInitialLayers"],"duration":1,"failing":false,"failureDetails":[],"failureMessages":[],"fullName":"determineInitialLayers should show Small Components for invalid profile index with stored overlay","invocations":1,"location":null,"numPassingAsserts":2,"retryReasons":[],"startAt":1778842800421,"status":"passed","title":"should show Small Components for invalid profile index with stored overlay"}],"endTime":1778842800422,"message":"","name":"/Users/dluxen/Coding/osrm-frontend/test/initial_layers.test.js","startTime":1778842800403,"status":"passed","summary":""},{"assertionResults":[{"ancestorTitles":["shortlink"],"duration":1,"failing":false,"failureDetails":[],"failureMessages":[],"fullName":"shortlink rewrites localhost URLs to the public frontend before shortening","invocations":1,"location":null,"numPassingAsserts":1,"retryReasons":[],"startAt":1778842800440,"status":"passed","title":"rewrites localhost URLs to the public frontend before shortening"},{"ancestorTitles":["shortlink"],"duration":0,"failing":false,"failureDetails":[],"failureMessages":[],"fullName":"shortlink keeps public URLs unchanged","invocations":1,"location":null,"numPassingAsserts":1,"retryReasons":[],"startAt":1778842800441,"status":"passed","title":"keeps public URLs unchanged"},{"ancestorTitles":["shortlink"],"duration":1,"failing":false,"failureDetails":[],"failureMessages":[],"fullName":"shortlink returns the ShortURL from osm.li","invocations":1,"location":null,"numPassingAsserts":2,"retryReasons":[],"startAt":1778842800441,"status":"passed","title":"returns the ShortURL from osm.li"},{"ancestorTitles":["shortlink"],"duration":0,"failing":false,"failureDetails":[],"failureMessages":[],"fullName":"shortlink falls back to an empty string when the request fails","invocations":1,"location":null,"numPassingAsserts":1,"retryReasons":[],"startAt":1778842800442,"status":"passed","title":"falls back to an empty string when the request fails"},{"ancestorTitles":["shortlink"],"duration":0,"failing":false,"failureDetails":[],"failureMessages":[],"fullName":"shortlink shortens the public frontend URL when called from localhost","invocations":1,"location":null,"numPassingAsserts":1,"retryReasons":[],"startAt":1778842800442,"status":"passed","title":"shortens the public frontend URL when called from localhost"}],"endTime":1778842800443,"message":"","name":"/Users/dluxen/Coding/osrm-frontend/test/shortlink.test.js","startTime":1778842800425,"status":"passed","summary":""},{"assertionResults":[{"ancestorTitles":["handleBaselayerChange"],"duration":1,"failing":false,"failureDetails":[],"failureMessages":[],"fullName":"handleBaselayerChange persists layer and updates state when present","invocations":1,"location":null,"numPassingAsserts":3,"retryReasons":[],"startAt":1778842800461,"status":"passed","title":"persists layer and updates state when present"},{"ancestorTitles":["handleBaselayerChange"],"duration":1,"failing":false,"failureDetails":[],"failureMessages":[],"fullName":"handleBaselayerChange works when state is missing","invocations":1,"location":null,"numPassingAsserts":2,"retryReasons":[],"startAt":1778842800462,"status":"passed","title":"works when state is missing"},{"ancestorTitles":["handleBaselayerChange"],"duration":0,"failing":false,"failureDetails":[],"failureMessages":[],"fullName":"handleBaselayerChange is tolerant of missing ls","invocations":1,"location":null,"numPassingAsserts":3,"retryReasons":[],"startAt":1778842800463,"status":"passed","title":"is tolerant of missing ls"}],"endTime":1778842800463,"message":"","name":"/Users/dluxen/Coding/osrm-frontend/test/layer_utils.test.js","startTime":1778842800446,"status":"passed","summary":""},{"assertionResults":[{"ancestorTitles":["applyReplacements — nominatim endpoint override"],"duration":0,"failing":false,"failureDetails":[],"failureMessages":[],"fullName":"applyReplacements — nominatim endpoint override replaces Nominatim endpoint when NOMINATIM_ENDPOINT env var is set","invocations":1,"location":null,"numPassingAsserts":2,"retryReasons":[],"startAt":1778842800481,"status":"passed","title":"replaces Nominatim endpoint when NOMINATIM_ENDPOINT env var is set"},{"ancestorTitles":["applyReplacements — nominatim endpoint override"],"duration":0,"failing":false,"failureDetails":[],"failureMessages":[],"fullName":"applyReplacements — nominatim endpoint override leaves content unchanged when NOMINATIM_ENDPOINT not provided","invocations":1,"location":null,"numPassingAsserts":1,"retryReasons":[],"startAt":1778842800482,"status":"passed","title":"leaves content unchanged when NOMINATIM_ENDPOINT not provided"}],"endTime":1778842800482,"message":"","name":"/Users/dluxen/Coding/osrm-frontend/test/replace_nominatim.test.js","startTime":1778842800466,"status":"passed","summary":""}],"wasInterrupted":false}
